<?xml version="1.0" encoding="UTF-8"?>
<!-- Generated by org.testng.reporters.JUnitReportReporter -->
<testsuite hostname="Priyankas-world" failures="0" tests="2" name="PriyankaMaven.AppiumTest" time="0.000" errors="0" timestamp="2020-05-14T21:08:06 IST" skipped="0">
  <testcase classname="PriyankaMaven.AppiumTest" name="IOSApps" time="0.000"/>
  <system-out/>
  <testcase classname="PriyankaMaven.AppiumTest" name="NativeAppAndroid" time="0.000"/>
  <system-out/>
</testsuite> <!-- PriyankaMaven.AppiumTest -->
