<?xml version="1.0" encoding="UTF-8"?>
<!-- Generated by org.testng.reporters.JUnitReportReporter -->
<testsuite hostname="Priyankas-world" failures="0" tests="2" name="PriyankaMaven.RESTApiTest" time="0.001" errors="0" timestamp="2020-05-14T20:56:47 IST" skipped="0">
  <testcase classname="PriyankaMaven.RESTApiTest" name="postjira" time="0.000"/>
  <system-out/>
  <testcase classname="PriyankaMaven.RESTApiTest" name="DeleteTwitter" time="0.001"/>
  <system-out/>
</testsuite> <!-- PriyankaMaven.RESTApiTest -->
