<?xml version="1.0" encoding="UTF-8"?>
<!-- Generated by org.testng.reporters.JUnitReportReporter -->
<testsuite hostname="Priyankas-world" failures="0" tests="2" name="PriyankaMaven.SeleniumTest" time="0.005" errors="0" timestamp="2020-05-14T21:08:05 IST" skipped="0">
  <testcase classname="PriyankaMaven.SeleniumTest" name="BrowerAutomation" time="0.005"/>
  <system-out/>
  <testcase classname="PriyankaMaven.SeleniumTest" name="ElementsUI" time="0.000"/>
  <system-out/>
</testsuite> <!-- PriyankaMaven.SeleniumTest -->
